<?xml version="1.0" encoding="UTF-8"?>
<testsuite name="com.getcapacitor.myapp.ExampleUnitTest" tests="1" skipped="0" failures="0" errors="0" timestamp="2025-03-24T05:07:10" hostname="KANAGARAJ" time="0.013">
  <properties/>
  <testcase name="addition_isCorrect" classname="com.getcapacitor.myapp.ExampleUnitTest" time="0.013"/>
  <system-out><![CDATA[]]></system-out>
  <system-err><![CDATA[]]></system-err>
</testsuite>
